<?xml version="1.0" encoding="UTF-8"?>
<!-- Generated by org.testng.reporters.JUnitXMLReporter -->
<testsuite hostname="Balajis-MBP.lan" ignored="3" name="Default test" tests="1" failures="0" timestamp="2022-12-14T16:02:33 CST" time="0.033" errors="0">
  <testcase name="test2" time="0.007" classname="omit9ClassPro.pro.Omit9"/>
  <testcase name="test4" time="0.0" classname="omit9ClassPro.pro.Omit9">
    <ignored/>
  </testcase> <!-- test4 -->
  <testcase name="test3" time="0.0" classname="omit9ClassPro.pro.Omit9">
    <ignored/>
  </testcase> <!-- test3 -->
  <testcase name="test1" time="0.0" classname="omit9ClassPro.pro.Omit9">
    <ignored/>
  </testcase> <!-- test1 -->
</testsuite> <!-- Default test -->
