<?xml version="1.0" encoding="UTF-8"?>
<testng-results skipped="0" failed="0" ignored="3" total="4" passed="1">
  <reporter-output>
  </reporter-output>
  <suite name="Default suite" duration-ms="33" started-at="2022-12-14T16:02:33 CST" finished-at="2022-12-14T16:02:33 CST">
    <groups>
    </groups>
    <test name="Default test" duration-ms="33" started-at="2022-12-14T16:02:33 CST" finished-at="2022-12-14T16:02:33 CST">
      <class name="omit9ClassPro.pro.Omit9">
        <test-method status="PASS" signature="test2()[pri:0, instance:omit9ClassPro.pro.Omit9@28ac3dc3]" name="test2" duration-ms="7" started-at="2022-12-14T16:02:33 CST" finished-at="2022-12-14T16:02:33 CST">
          <reporter-output>
          </reporter-output>
        </test-method> <!-- test2 -->
      </class> <!-- omit9ClassPro.pro.Omit9 -->
    </test> <!-- Default test -->
  </suite> <!-- Default suite -->
</testng-results>
